2020-06-04 01:34:37,887 DEBUG [main] InternalLoggerFactory:53 - Using Log4J as the default logging framework
2020-06-04 01:34:37,910 DEBUG [main] ResourceLeakDetector:130 - -Dio.netty.leakDetection.level: simple
2020-06-04 01:34:37,910 DEBUG [main] ResourceLeakDetector:131 - -Dio.netty.leakDetection.targetRecords: 4
2020-06-04 01:34:37,920 DEBUG [main] ResourceLeakDetectorFactory:195 - Loaded default ResourceLeakDetector: io.netty.util.ResourceLeakDetector@17c1bced
2020-06-04 01:34:37,945 DEBUG [main] PlatformDependent:1015 - Platform: Windows
2020-06-04 01:34:37,949 DEBUG [main] PlatformDependent0:408 - -Dio.netty.noUnsafe: false
2020-06-04 01:34:37,949 DEBUG [main] PlatformDependent0:876 - Java version: 8
2020-06-04 01:34:37,950 DEBUG [main] PlatformDependent0:125 - sun.misc.Unsafe.theUnsafe: available
2020-06-04 01:34:37,951 DEBUG [main] PlatformDependent0:149 - sun.misc.Unsafe.copyMemory: available
2020-06-04 01:34:37,952 DEBUG [main] PlatformDependent0:187 - java.nio.Buffer.address: available
2020-06-04 01:34:37,954 DEBUG [main] PlatformDependent0:252 - direct buffer constructor: available
2020-06-04 01:34:37,955 DEBUG [main] PlatformDependent0:326 - java.nio.Bits.unaligned: available, true
2020-06-04 01:34:37,956 DEBUG [main] PlatformDependent0:391 - jdk.internal.misc.Unsafe.allocateUninitializedArray(int): unavailable prior to Java9
2020-06-04 01:34:37,957 DEBUG [main] PlatformDependent0:398 - java.nio.DirectByteBuffer.<init>(long, int): available
2020-06-04 01:34:37,958 DEBUG [main] PlatformDependent:1058 - sun.misc.Unsafe: available
2020-06-04 01:34:37,958 DEBUG [main] PlatformDependent:1177 - -Dio.netty.tmpdir: C:\Users\Mashuda\AppData\Local\Temp (java.io.tmpdir)
2020-06-04 01:34:37,962 DEBUG [main] PlatformDependent:1256 - -Dio.netty.bitMode: 64 (sun.arch.data.model)
2020-06-04 01:34:37,964 DEBUG [main] PlatformDependent:177 - -Dio.netty.maxDirectMemory: 926941184 bytes
2020-06-04 01:34:37,964 DEBUG [main] PlatformDependent:184 - -Dio.netty.uninitializedArrayAllocationThreshold: -1
2020-06-04 01:34:37,967 DEBUG [main] CleanerJava6:92 - java.nio.ByteBuffer.cleaner(): available
2020-06-04 01:34:37,967 DEBUG [main] PlatformDependent:204 - -Dio.netty.noPreferDirect: false
2020-06-04 01:34:37,979 DEBUG [main] PlatformDependent:919 - org.jctools-core.MpscChunkedArrayQueue: available
2020-06-04 01:34:38,539 DEBUG [main] JdkSslContext:96 - Default protocols (JDK): [TLSv1.2, TLSv1.1, TLSv1] 
2020-06-04 01:34:38,542 DEBUG [main] JdkSslContext:97 - Default cipher suites (JDK): [TLS_ECDHE_ECDSA_WITH_AES_256_GCM_SHA384, TLS_ECDHE_ECDSA_WITH_AES_128_GCM_SHA256, TLS_ECDHE_RSA_WITH_AES_128_GCM_SHA256, TLS_ECDHE_RSA_WITH_AES_256_GCM_SHA384, TLS_ECDHE_RSA_WITH_AES_128_CBC_SHA, TLS_ECDHE_RSA_WITH_AES_256_CBC_SHA, TLS_RSA_WITH_AES_128_GCM_SHA256, TLS_RSA_WITH_AES_128_CBC_SHA, TLS_RSA_WITH_AES_256_CBC_SHA]
2020-06-04 01:34:38,574 DEBUG [main] InternalThreadLocalMap:56 - -Dio.netty.threadLocalMap.stringBuilder.initialSize: 1024
2020-06-04 01:34:38,574 DEBUG [main] InternalThreadLocalMap:59 - -Dio.netty.threadLocalMap.stringBuilder.maxSize: 4096
2020-06-04 01:34:38,590 DEBUG [main] MultithreadEventLoopGroup:44 - -Dio.netty.eventLoopThreads: 8
2020-06-04 01:34:38,610 DEBUG [main] NioEventLoop:106 - -Dio.netty.noKeySetOptimization: false
2020-06-04 01:34:38,610 DEBUG [main] NioEventLoop:107 - -Dio.netty.selectorAutoRebuildThreshold: 512
2020-06-04 01:34:38,677 DEBUG [main] PooledByteBufAllocator:156 - -Dio.netty.allocator.numHeapArenas: 8
2020-06-04 01:34:38,678 DEBUG [main] PooledByteBufAllocator:157 - -Dio.netty.allocator.numDirectArenas: 8
2020-06-04 01:34:38,678 DEBUG [main] PooledByteBufAllocator:159 - -Dio.netty.allocator.pageSize: 8192
2020-06-04 01:34:38,678 DEBUG [main] PooledByteBufAllocator:164 - -Dio.netty.allocator.maxOrder: 11
2020-06-04 01:34:38,679 DEBUG [main] PooledByteBufAllocator:168 - -Dio.netty.allocator.chunkSize: 16777216
2020-06-04 01:34:38,679 DEBUG [main] PooledByteBufAllocator:169 - -Dio.netty.allocator.tinyCacheSize: 512
2020-06-04 01:34:38,680 DEBUG [main] PooledByteBufAllocator:170 - -Dio.netty.allocator.smallCacheSize: 256
2020-06-04 01:34:38,680 DEBUG [main] PooledByteBufAllocator:171 - -Dio.netty.allocator.normalCacheSize: 64
2020-06-04 01:34:38,681 DEBUG [main] PooledByteBufAllocator:172 - -Dio.netty.allocator.maxCachedBufferCapacity: 32768
2020-06-04 01:34:38,681 DEBUG [main] PooledByteBufAllocator:173 - -Dio.netty.allocator.cacheTrimInterval: 8192
2020-06-04 01:34:38,681 DEBUG [main] PooledByteBufAllocator:174 - -Dio.netty.allocator.cacheTrimIntervalMillis: 0
2020-06-04 01:34:38,682 DEBUG [main] PooledByteBufAllocator:175 - -Dio.netty.allocator.useCacheForAllThreads: true
2020-06-04 01:34:38,682 DEBUG [main] PooledByteBufAllocator:176 - -Dio.netty.allocator.maxCachedByteBuffersPerChunk: 1023
2020-06-04 01:34:38,693 DEBUG [main] ByteBufUtil:86 - -Dio.netty.allocator.type: pooled
2020-06-04 01:34:38,694 DEBUG [main] ByteBufUtil:95 - -Dio.netty.threadLocalDirectBufferSize: 0
2020-06-04 01:34:38,694 DEBUG [main] ByteBufUtil:98 - -Dio.netty.maxThreadLocalCharBufferSize: 16384
2020-06-04 01:34:41,326 DEBUG [Forwarding newSession on session null to remote] DefaultChannelId:79 - -Dio.netty.processId: 780 (auto-detected)
2020-06-04 01:34:41,331 DEBUG [Forwarding newSession on session null to remote] NetUtil:139 - -Djava.net.preferIPv4Stack: false
2020-06-04 01:34:41,332 DEBUG [Forwarding newSession on session null to remote] NetUtil:140 - -Djava.net.preferIPv6Addresses: false
2020-06-04 01:34:41,658 DEBUG [Forwarding newSession on session null to remote] NetUtil:224 - Loopback interface: lo (Software Loopback Interface 1, 127.0.0.1)
2020-06-04 01:34:41,661 DEBUG [Forwarding newSession on session null to remote] NetUtil:289 - Failed to get SOMAXCONN from sysctl and file \proc\sys\net\core\somaxconn. Default: 200
2020-06-04 01:34:41,939 DEBUG [Forwarding newSession on session null to remote] DefaultChannelId:101 - -Dio.netty.machineId: d0:c5:d3:ff:fe:b3:25:eb (auto-detected)
2020-06-04 01:34:42,096 DEBUG [AsyncHttpClient-3-1] AbstractByteBuf:63 - -Dio.netty.buffer.checkAccessible: true
2020-06-04 01:34:42,097 DEBUG [AsyncHttpClient-3-1] AbstractByteBuf:64 - -Dio.netty.buffer.checkBounds: true
2020-06-04 01:34:42,097 DEBUG [AsyncHttpClient-3-1] ResourceLeakDetectorFactory:195 - Loaded default ResourceLeakDetector: io.netty.util.ResourceLeakDetector@6cc15687
2020-06-04 01:34:42,146 DEBUG [AsyncHttpClient-3-1] Recycler:97 - -Dio.netty.recycler.maxCapacityPerThread: 4096
2020-06-04 01:34:42,146 DEBUG [AsyncHttpClient-3-1] Recycler:98 - -Dio.netty.recycler.maxSharedCapacityFactor: 2
2020-06-04 01:34:42,147 DEBUG [AsyncHttpClient-3-1] Recycler:99 - -Dio.netty.recycler.linkCapacity: 16
2020-06-04 01:34:42,147 DEBUG [AsyncHttpClient-3-1] Recycler:100 - -Dio.netty.recycler.ratio: 8
2020-06-04 01:34:46,090 DEBUG [main] ThreadLocalRandom:212 - -Dio.netty.initialSeedUniquifier: 0x1222772b8c7c20d1
2020-06-04 01:34:46,171  INFO [main] loginTest:21 - Launching Chrome Browser
2020-06-04 01:34:52,634  INFO [main] loginTest:27 - Site is opening
2020-06-04 01:34:52,635  WARN [main] loginTest:28 - This is a warning
2020-06-04 01:34:52,636 FATAL [main] loginTest:29 - This is a fatal messege
2020-06-04 01:34:52,734  INFO [main] loginTest:39 - Getting Title
2020-06-04 01:34:53,739  INFO [main] loginTest:34 - Closing browser
2020-06-04 01:34:58,052  INFO [main] loginTest:21 - Launching Chrome Browser
2020-06-04 01:35:04,561  INFO [main] loginTest:27 - Site is opening
2020-06-04 01:35:04,562  WARN [main] loginTest:28 - This is a warning
2020-06-04 01:35:04,562 FATAL [main] loginTest:29 - This is a fatal messege
2020-06-04 01:35:05,717  INFO [main] loginTest:34 - Closing browser
